2020-05-21 11:05:27,851 [org.github.client.CryptoClient][INFO] 传输数据完毕
2020-05-21 11:05:34,211 [org.github.client.CryptoClient][INFO] 服务端返回数据:{"code":200,"data":"G9jmPl6GN5M37I2k1HH0yA=="}
2020-05-21 11:05:34,212 [org.github.client.CryptoClient][INFO] 客户端关闭连接
2020-05-21 11:07:11,364 [org.github.client.CryptoClient][INFO] 传输数据完毕
2020-05-21 11:07:11,366 [org.github.client.CryptoClient][INFO] 服务端返回数据:{"code":200,"data":"oMddd2IGRnELjjZu7HmG+A=="}
2020-05-21 11:07:11,366 [org.github.client.CryptoClient][INFO] 客户端关闭连接
2020-05-21 11:37:27,488 [org.github.client.CryptoClient][INFO] 传输数据完毕
2020-05-21 11:37:31,374 [org.github.client.CryptoClient][INFO] 服务端返回数据:{"code":200,"data":{"result":"WfzvWLY0iLdEem8wipTr1CZwINosYBQTWf5g9LFZbpU="}}
2020-05-21 11:37:31,375 [org.github.client.CryptoClient][INFO] 客户端关闭连接
2020-05-21 11:40:00,224 [org.github.client.CryptoClient][INFO] 传输数据完毕
2020-05-21 11:40:00,226 [org.github.client.CryptoClient][INFO] 服务端返回数据:{"code":200,"data":{"result":"WfzvWLY0iLdEem8wipTr1CZwINosYBQTWf5g9LFZbpU="}}
2020-05-21 11:40:00,226 [org.github.client.CryptoClient][INFO] 客户端关闭连接
2020-05-21 11:40:17,853 [org.github.client.CryptoClient][INFO] 传输数据完毕
2020-05-21 11:40:17,855 [org.github.client.CryptoClient][INFO] 服务端返回数据:{"code":200,"data":{"result":"WfzvWLY0iLdEem8wipTr1CZwINosYBQTWf5g9LFZbpU="}}
2020-05-21 11:40:17,855 [org.github.client.CryptoClient][INFO] 客户端关闭连接
2020-05-21 17:34:54,350 [org.github.client.CryptoClient][INFO] 传输数据完毕
2020-05-21 17:35:01,337 [org.github.client.CryptoClient][INFO] 服务端返回数据:{"code":200,"data":{"public_key":"MFkwEwYHKoZIzj0CAQYIKoEcz1UBgi0DQgAETSOA+Vqn3a5hF/xfyxLEDWfzoiTaqHi2CPguRFTa5/Q6FRvVJ56M5xVoWYWj70hI/MnasTLxWEVG2cwJnpm+SA==","private_key":"MIGTAgEAMBMGByqGSM49AgEGCCqBHM9VAYItBHkwdwIBAQQgWKXg/fK7iCgv3BcrT+V7bjuW/t9D1htZw2rXGeZ4QSqgCgYIKoEcz1UBgi2hRANCAARNI4D5WqfdrmEX/F/LEsQNZ/OiJNqoeLYI+C5EVNrn9DoVG9UnnoznFWhZhaPvSEj8ydqxMvFYRUbZzAmemb5I"}}
2020-05-21 17:35:01,337 [org.github.client.CryptoClient][INFO] 客户端关闭连接
2020-05-21 19:50:08,462 [org.github.client.CryptoClient][INFO] 传输数据完毕
2020-05-21 19:50:15,674 [org.github.client.CryptoClient][INFO] 服务端返回数据:{"code":200,"data":{"public_key":"MFkwEwYHKoZIzj0CAQYIKoEcz1UBgi0DQgAEoY0DwX/4qQp0Z/nt0NWf2mDxdbj64vhhCxVoCjYJmqewWsknGTHnuaCsGdx74/X2RiDJK+jzwUiJUn5vYr7Ocw==","private_key":"MIGTAgEAMBMGByqGSM49AgEGCCqBHM9VAYItBHkwdwIBAQQg7M7Xoq75JNKf+45zWuk8YqdwkrNuKWtNHOKoweek2DugCgYIKoEcz1UBgi2hRANCAAShjQPBf/ipCnRn+e3Q1Z/aYPF1uPri+GELFWgKNgmap7BayScZMee5oKwZ3Hvj9fZGIMkr6PPBSIlSfm9ivs5z"}}
2020-05-21 19:50:15,674 [org.github.client.CryptoClient][INFO] 客户端关闭连接
2020-05-21 19:54:12,775 [org.github.client.CryptoClient][INFO] 传输数据完毕
2020-05-21 19:54:19,997 [org.github.client.CryptoClient][INFO] 服务端返回数据:{"code":200,"data":{"result":"MEYCIQCVhIOoUArABEkUMb4LOObHd+nAa/nBpoK2vyVsJCOsZQIhALbWDMIknIKzJWOh73EcZEAOm/1jWRlrvH7fjiP5tx7a"}}
2020-05-21 19:54:19,998 [org.github.client.CryptoClient][INFO] 客户端关闭连接
2020-05-21 19:56:17,630 [org.github.client.CryptoClient][INFO] 传输数据完毕
2020-05-21 19:56:17,633 [org.github.client.CryptoClient][ERROR] 客户端异常:null
2020-05-21 19:57:49,191 [org.github.client.CryptoClient][INFO] 传输数据完毕
2020-05-21 19:57:49,199 [org.github.client.CryptoClient][INFO] 服务端返回数据:{"code":200,"data":{"result":"true"}}
2020-05-21 19:57:49,199 [org.github.client.CryptoClient][INFO] 客户端关闭连接
2020-05-21 20:24:44,035 [org.github.client.CryptoClient][INFO] 传输数据完毕
2020-05-21 20:24:51,109 [org.github.client.CryptoClient][INFO] 服务端返回数据:{"code":200,"data":{"result":"NWCep2qxC86wDVEYgiVI3A=="}}
2020-05-21 20:24:51,109 [org.github.client.CryptoClient][INFO] 客户端关闭连接
2020-05-21 20:26:38,492 [org.github.client.CryptoClient][INFO] 传输数据完毕
2020-05-21 20:26:38,496 [org.github.client.CryptoClient][INFO] 服务端返回数据:{"code":200,"data":{"result":"5Gm/rNNqonptx/bP0GNQhQ=="}}
2020-05-21 20:26:38,496 [org.github.client.CryptoClient][INFO] 客户端关闭连接
2020-05-21 20:29:09,410 [org.github.client.CryptoClient][INFO] 传输数据完毕
2020-05-21 20:29:09,412 [org.github.client.CryptoClient][ERROR] 客户端异常:null
2020-05-21 20:31:57,820 [org.github.client.CryptoClient][INFO] 传输数据完毕
2020-05-21 20:32:01,755 [org.github.client.CryptoClient][ERROR] 客户端异常:null
2020-05-21 20:32:56,709 [org.github.client.CryptoClient][INFO] 传输数据完毕
2020-05-21 20:32:56,715 [org.github.client.CryptoClient][INFO] 服务端返回数据:{"code":200,"data":{"result":"5Gm/rNNqonptx/bP0GNQhQ=="}}
2020-05-21 20:32:56,715 [org.github.client.CryptoClient][INFO] 客户端关闭连接
2020-05-21 20:34:29,545 [org.github.client.CryptoClient][INFO] 传输数据完毕
2020-05-21 20:34:33,442 [org.github.client.CryptoClient][INFO] 服务端返回数据:{"code":200,"data":{"result":"123434"}}
2020-05-21 20:34:33,442 [org.github.client.CryptoClient][INFO] 客户端关闭连接
